<?xml version="1.0" encoding="UTF-8"?>
<!-- Generated by org.testng.reporters.JUnitXMLReporter -->
<testsuite ignored="0" hostname="DESKTOP-5MLG6JB" failures="0" tests="5" name="RegressionTest" time="52.746" errors="0" timestamp="2022-11-15T12:36:05 IST">
  <testcase classname="test_cases.Tc1_Register" name="Demo" time="1.919"/>
  <testcase classname="test_cases.Tc2_Login" name="login" time="1.855"/>
  <testcase classname="test_cases.Tc3_search" name="Demo" time="0.925"/>
  <testcase classname="test_cases.Tc4_mobile_advance_search" name="AdvanceSearch" time="6.975"/>
  <testcase classname="test_cases.Tc5_mouse_hover" name="MouseHover" time="1.551"/>
</testsuite> <!-- RegressionTest -->
