<?xml version="1.0" encoding="UTF-8"?>
<!-- Generated by org.testng.reporters.JUnitXMLReporter -->
<testsuite ignored="0" hostname="DESKTOP-5MLG6JB" failures="0" tests="15" name="Test" time="177.979" errors="0" timestamp="2022-11-21T15:39:05 IST">
  <testcase classname="POM_TEST_CASES.DWS_ADVANCE_SEARCH_TEST" name="tc13" time="2.192"/>
  <testcase classname="POM_TEST_CASES.DWS_JEWLELRYTEST" name="tc09" time="3.25"/>
  <testcase classname="POM_TEST_CASES.DWS_MULTIPLEHANDLE_TEST" name="Tc12" time="0.111"/>
  <testcase classname="POM_TEST_CASES.DWS_DIGITALDOWN_TEST" name="tc08" time="2.524"/>
  <testcase classname="POM_TEST_CASES.DWS_BOOKTEST" name="tc04" time="3.185"/>
  <testcase classname="POM_TEST_CASES.DWS_REGISTER_TEST" name="TC02" time="2.361"/>
  <testcase classname="POM_TEST_CASES.DWS_ADD_CART_TEST" name="Tc14" time="0.141"/>
  <testcase classname="POM_TEST_CASES.DWS_SEARCH_TEST" name="TC03" time="1.004"/>
  <testcase classname="POM_TEST_CASES.DWS_LOGIN_TEST" name="TC01" time="1.581"/>
  <testcase classname="POM_TEST_CASES.DWS_COMPUTERTTEST" name="tc05" time="3.059"/>
  <testcase classname="POM_TEST_CASES.DWS_GIFTCARD_TEST" name="tc10" time="2.45"/>
  <testcase classname="POM_TEST_CASES.DWS_SHOPCART_TEST" name="TC11" time="1.705"/>
  <testcase classname="POM_TEST_CASES.DWS_ELECTRONICSTEST" name="tc06" time="3.727"/>
  <testcase classname="POM_TEST_CASES.DWS_WISHLIST_TEST" name="TC12" time="0.601"/>
  <testcase classname="POM_TEST_CASES.DWS_APPAREL_TEST" name="tc07" time="6.997"/>
</testsuite> <!-- Test -->
