<?xml version="1.0" encoding="UTF-8"?>
<testng-results ignored="0" total="15" passed="15" failed="0" skipped="0">
  <reporter-output>
  </reporter-output>
  <suite started-at="2022-11-21T15:36:07 IST" name="Suite" finished-at="2022-11-21T15:39:05 IST" duration-ms="177979">
    <groups>
    </groups>
    <test started-at="2022-11-21T15:36:07 IST" name="Test" finished-at="2022-11-21T15:39:05 IST" duration-ms="177979">
      <class name="POM_TEST_CASES.DWS_SHOPCART_TEST">
        <test-method is-config="true" signature="browsersetup()[pri:0, instance:POM_TEST_CASES.DWS_SHOPCART_TEST@4c12331b]" started-at="2022-11-21T15:38:00 IST" name="browsersetup" finished-at="2022-11-21T15:38:11 IST" duration-ms="10579" status="PASS">
          <reporter-output>
          </reporter-output>
        </test-method> <!-- browsersetup -->
        <test-method signature="TC11()[pri:0, instance:POM_TEST_CASES.DWS_SHOPCART_TEST@4c12331b]" started-at="2022-11-21T15:38:11 IST" name="TC11" finished-at="2022-11-21T15:38:12 IST" duration-ms="1705" status="PASS">
          <reporter-output>
          </reporter-output>
        </test-method> <!-- TC11 -->
        <test-method is-config="true" signature="Teardown()[pri:0, instance:POM_TEST_CASES.DWS_SHOPCART_TEST@4c12331b]" started-at="2022-11-21T15:38:12 IST" name="Teardown" finished-at="2022-11-21T15:38:13 IST" duration-ms="283" status="PASS">
          <reporter-output>
          </reporter-output>
        </test-method> <!-- Teardown -->
      </class> <!-- POM_TEST_CASES.DWS_SHOPCART_TEST -->
      <class name="POM_TEST_CASES.DWS_COMPUTERTTEST">
        <test-method is-config="true" signature="browsersetup()[pri:0, instance:POM_TEST_CASES.DWS_COMPUTERTTEST@5b12b668]" started-at="2022-11-21T15:37:36 IST" name="browsersetup" finished-at="2022-11-21T15:37:43 IST" duration-ms="7582" status="PASS">
          <reporter-output>
          </reporter-output>
        </test-method> <!-- browsersetup -->
        <test-method signature="tc05(java.lang.String,java.lang.String,java.lang.String)[pri:0, instance:POM_TEST_CASES.DWS_COMPUTERTTEST@5b12b668]" started-at="2022-11-21T15:37:43 IST" name="tc05" data-provider="computertest" finished-at="2022-11-21T15:37:46 IST" duration-ms="3059" status="PASS">
          <params>
            <param index="0">
              <value>
                <![CDATA[Price: Low to High]]>
              </value>
            </param>
            <param index="1">
              <value>
                <![CDATA[12]]>
              </value>
            </param>
            <param index="2">
              <value>
                <![CDATA[Grid]]>
              </value>
            </param>
          </params>
          <reporter-output>
          </reporter-output>
        </test-method> <!-- tc05 -->
        <test-method is-config="true" signature="Teardown()[pri:0, instance:POM_TEST_CASES.DWS_COMPUTERTTEST@5b12b668]" started-at="2022-11-21T15:37:46 IST" name="Teardown" finished-at="2022-11-21T15:37:47 IST" duration-ms="477" status="PASS">
          <reporter-output>
          </reporter-output>
        </test-method> <!-- Teardown -->
      </class> <!-- POM_TEST_CASES.DWS_COMPUTERTTEST -->
      <class name="POM_TEST_CASES.DWS_SEARCH_TEST">
        <test-method is-config="true" signature="browsersetup()[pri:0, instance:POM_TEST_CASES.DWS_SEARCH_TEST@4c402120]" started-at="2022-11-21T15:37:19 IST" name="browsersetup" finished-at="2022-11-21T15:37:26 IST" duration-ms="6989" status="PASS">
          <reporter-output>
          </reporter-output>
        </test-method> <!-- browsersetup -->
        <test-method signature="TC03(java.lang.String)[pri:0, instance:POM_TEST_CASES.DWS_SEARCH_TEST@4c402120]" started-at="2022-11-21T15:37:26 IST" name="TC03" data-provider="searchtest" finished-at="2022-11-21T15:37:27 IST" duration-ms="1004" status="PASS">
          <params>
            <param index="0">
              <value>
                <![CDATA[books]]>
              </value>
            </param>
          </params>
          <reporter-output>
          </reporter-output>
        </test-method> <!-- TC03 -->
        <test-method is-config="true" signature="Teardown()[pri:0, instance:POM_TEST_CASES.DWS_SEARCH_TEST@4c402120]" started-at="2022-11-21T15:37:27 IST" name="Teardown" finished-at="2022-11-21T15:37:27 IST" duration-ms="208" status="PASS">
          <reporter-output>
          </reporter-output>
        </test-method> <!-- Teardown -->
      </class> <!-- POM_TEST_CASES.DWS_SEARCH_TEST -->
      <class name="POM_TEST_CASES.DWS_JEWLELRYTEST">
        <test-method is-config="true" signature="browsersetup()[pri:0, instance:POM_TEST_CASES.DWS_JEWLELRYTEST@702657cc]" started-at="2022-11-21T15:36:19 IST" name="browsersetup" finished-at="2022-11-21T15:36:27 IST" duration-ms="8268" status="PASS">
          <reporter-output>
          </reporter-output>
        </test-method> <!-- browsersetup -->
        <test-method signature="tc09(java.lang.String,java.lang.String,java.lang.String)[pri:0, instance:POM_TEST_CASES.DWS_JEWLELRYTEST@702657cc]" started-at="2022-11-21T15:36:27 IST" name="tc09" data-provider="jeweltest" finished-at="2022-11-21T15:36:31 IST" duration-ms="3250" status="PASS">
          <params>
            <param index="0">
              <value>
                <![CDATA[Price: Low to High]]>
              </value>
            </param>
            <param index="1">
              <value>
                <![CDATA[12]]>
              </value>
            </param>
            <param index="2">
              <value>
                <![CDATA[Grid]]>
              </value>
            </param>
          </params>
          <reporter-output>
          </reporter-output>
        </test-method> <!-- tc09 -->
        <test-method is-config="true" signature="Teardown()[pri:0, instance:POM_TEST_CASES.DWS_JEWLELRYTEST@702657cc]" started-at="2022-11-21T15:36:31 IST" name="Teardown" finished-at="2022-11-21T15:36:31 IST" duration-ms="281" status="PASS">
          <reporter-output>
          </reporter-output>
        </test-method> <!-- Teardown -->
      </class> <!-- POM_TEST_CASES.DWS_JEWLELRYTEST -->
      <class name="POM_TEST_CASES.DWS_ELECTRONICSTEST">
        <test-method is-config="true" signature="browsersetup()[pri:0, instance:POM_TEST_CASES.DWS_ELECTRONICSTEST@7586beff]" started-at="2022-11-21T15:38:13 IST" name="browsersetup" finished-at="2022-11-21T15:38:25 IST" duration-ms="12009" status="PASS">
          <reporter-output>
          </reporter-output>
        </test-method> <!-- browsersetup -->
        <test-method signature="tc06(java.lang.String,java.lang.String,java.lang.String)[pri:0, instance:POM_TEST_CASES.DWS_ELECTRONICSTEST@7586beff]" started-at="2022-11-21T15:38:25 IST" name="tc06" data-provider="Electronicstest" finished-at="2022-11-21T15:38:28 IST" duration-ms="3727" status="PASS">
          <params>
            <param index="0">
              <value>
                <![CDATA[Price: Low to High]]>
              </value>
            </param>
            <param index="1">
              <value>
                <![CDATA[12]]>
              </value>
            </param>
            <param index="2">
              <value>
                <![CDATA[Grid]]>
              </value>
            </param>
          </params>
          <reporter-output>
          </reporter-output>
        </test-method> <!-- tc06 -->
        <test-method is-config="true" signature="Teardown()[pri:0, instance:POM_TEST_CASES.DWS_ELECTRONICSTEST@7586beff]" started-at="2022-11-21T15:38:28 IST" name="Teardown" finished-at="2022-11-21T15:38:29 IST" duration-ms="220" status="PASS">
          <reporter-output>
          </reporter-output>
        </test-method> <!-- Teardown -->
      </class> <!-- POM_TEST_CASES.DWS_ELECTRONICSTEST -->
      <class name="POM_TEST_CASES.DWS_APPAREL_TEST">
        <test-method is-config="true" signature="browsersetup()[pri:0, instance:POM_TEST_CASES.DWS_APPAREL_TEST@815b41f]" started-at="2022-11-21T15:38:41 IST" name="browsersetup" finished-at="2022-11-21T15:38:57 IST" duration-ms="16488" status="PASS">
          <reporter-output>
          </reporter-output>
        </test-method> <!-- browsersetup -->
        <test-method signature="tc07(java.lang.String,java.lang.String,java.lang.String)[pri:0, instance:POM_TEST_CASES.DWS_APPAREL_TEST@815b41f]" started-at="2022-11-21T15:38:58 IST" name="tc07" data-provider="appareltest" finished-at="2022-11-21T15:39:05 IST" duration-ms="6997" status="PASS">
          <params>
            <param index="0">
              <value>
                <![CDATA[Price: Low to High]]>
              </value>
            </param>
            <param index="1">
              <value>
                <![CDATA[12]]>
              </value>
            </param>
            <param index="2">
              <value>
                <![CDATA[Grid]]>
              </value>
            </param>
          </params>
          <reporter-output>
          </reporter-output>
        </test-method> <!-- tc07 -->
        <test-method is-config="true" signature="Teardown()[pri:0, instance:POM_TEST_CASES.DWS_APPAREL_TEST@815b41f]" started-at="2022-11-21T15:39:05 IST" name="Teardown" finished-at="2022-11-21T15:39:05 IST" duration-ms="190" status="PASS">
          <reporter-output>
          </reporter-output>
        </test-method> <!-- Teardown -->
      </class> <!-- POM_TEST_CASES.DWS_APPAREL_TEST -->
      <class name="POM_TEST_CASES.DWS_MULTIPLEHANDLE_TEST">
        <test-method is-config="true" signature="browsersetup()[pri:0, instance:POM_TEST_CASES.DWS_MULTIPLEHANDLE_TEST@6a6cb05c]" started-at="2022-11-21T15:36:31 IST" name="browsersetup" finished-at="2022-11-21T15:36:38 IST" duration-ms="7550" status="PASS">
          <reporter-output>
          </reporter-output>
        </test-method> <!-- browsersetup -->
        <test-method signature="Tc12(java.lang.String,java.lang.String)[pri:0, instance:POM_TEST_CASES.DWS_MULTIPLEHANDLE_TEST@6a6cb05c]" started-at="2022-11-21T15:36:38 IST" name="Tc12" data-provider="multihandletest" finished-at="2022-11-21T15:36:39 IST" duration-ms="111" status="PASS">
          <params>
            <param index="0">
              <value>
                <![CDATA[darshan666@gmail.com]]>
              </value>
            </param>
            <param index="1">
              <value>
                <![CDATA[Password]]>
              </value>
            </param>
          </params>
          <reporter-output>
          </reporter-output>
        </test-method> <!-- Tc12 -->
        <test-method is-config="true" signature="Teardown()[pri:0, instance:POM_TEST_CASES.DWS_MULTIPLEHANDLE_TEST@6a6cb05c]" started-at="2022-11-21T15:36:39 IST" name="Teardown" finished-at="2022-11-21T15:36:39 IST" duration-ms="100" status="PASS">
          <reporter-output>
          </reporter-output>
        </test-method> <!-- Teardown -->
      </class> <!-- POM_TEST_CASES.DWS_MULTIPLEHANDLE_TEST -->
      <class name="POM_TEST_CASES.DWS_WISHLIST_TEST">
        <test-method is-config="true" signature="browsersetup()[pri:0, instance:POM_TEST_CASES.DWS_WISHLIST_TEST@3b69e7d1]" started-at="2022-11-21T15:38:29 IST" name="browsersetup" finished-at="2022-11-21T15:38:40 IST" duration-ms="11439" status="PASS">
          <reporter-output>
          </reporter-output>
        </test-method> <!-- browsersetup -->
        <test-method signature="TC12()[pri:0, instance:POM_TEST_CASES.DWS_WISHLIST_TEST@3b69e7d1]" started-at="2022-11-21T15:38:40 IST" name="TC12" finished-at="2022-11-21T15:38:41 IST" duration-ms="601" status="PASS">
          <reporter-output>
          </reporter-output>
        </test-method> <!-- TC12 -->
        <test-method is-config="true" signature="Teardown()[pri:0, instance:POM_TEST_CASES.DWS_WISHLIST_TEST@3b69e7d1]" started-at="2022-11-21T15:38:41 IST" name="Teardown" finished-at="2022-11-21T15:38:41 IST" duration-ms="258" status="PASS">
          <reporter-output>
          </reporter-output>
        </test-method> <!-- Teardown -->
      </class> <!-- POM_TEST_CASES.DWS_WISHLIST_TEST -->
      <class name="POM_TEST_CASES.DWS_GIFTCARD_TEST">
        <test-method is-config="true" signature="browsersetup()[pri:0, instance:POM_TEST_CASES.DWS_GIFTCARD_TEST@1165b38]" started-at="2022-11-21T15:37:47 IST" name="browsersetup" finished-at="2022-11-21T15:37:57 IST" duration-ms="10298" status="PASS">
          <reporter-output>
          </reporter-output>
        </test-method> <!-- browsersetup -->
        <test-method signature="tc10(java.lang.String,java.lang.String,java.lang.String)[pri:0, instance:POM_TEST_CASES.DWS_GIFTCARD_TEST@1165b38]" started-at="2022-11-21T15:37:57 IST" name="tc10" data-provider="gifttest" finished-at="2022-11-21T15:38:00 IST" duration-ms="2450" status="PASS">
          <params>
            <param index="0">
              <value>
                <![CDATA[Price: Low to High]]>
              </value>
            </param>
            <param index="1">
              <value>
                <![CDATA[12]]>
              </value>
            </param>
            <param index="2">
              <value>
                <![CDATA[Grid]]>
              </value>
            </param>
          </params>
          <reporter-output>
          </reporter-output>
        </test-method> <!-- tc10 -->
        <test-method is-config="true" signature="Teardown()[pri:0, instance:POM_TEST_CASES.DWS_GIFTCARD_TEST@1165b38]" started-at="2022-11-21T15:38:00 IST" name="Teardown" finished-at="2022-11-21T15:38:00 IST" duration-ms="240" status="PASS">
          <reporter-output>
          </reporter-output>
        </test-method> <!-- Teardown -->
      </class> <!-- POM_TEST_CASES.DWS_GIFTCARD_TEST -->
      <class name="POM_TEST_CASES.DWS_DIGITALDOWN_TEST">
        <test-method is-config="true" signature="browsersetup()[pri:0, instance:POM_TEST_CASES.DWS_DIGITALDOWN_TEST@40a4337a]" started-at="2022-11-21T15:36:39 IST" name="browsersetup" finished-at="2022-11-21T15:36:47 IST" duration-ms="8021" status="PASS">
          <reporter-output>
          </reporter-output>
        </test-method> <!-- browsersetup -->
        <test-method signature="tc08(java.lang.String,java.lang.String,java.lang.String)[pri:0, instance:POM_TEST_CASES.DWS_DIGITALDOWN_TEST@40a4337a]" started-at="2022-11-21T15:36:47 IST" name="tc08" data-provider="digitaltest" finished-at="2022-11-21T15:36:49 IST" duration-ms="2524" status="PASS">
          <params>
            <param index="0">
              <value>
                <![CDATA[Price: Low to High]]>
              </value>
            </param>
            <param index="1">
              <value>
                <![CDATA[12]]>
              </value>
            </param>
            <param index="2">
              <value>
                <![CDATA[Grid]]>
              </value>
            </param>
          </params>
          <reporter-output>
          </reporter-output>
        </test-method> <!-- tc08 -->
        <test-method is-config="true" signature="Teardown()[pri:0, instance:POM_TEST_CASES.DWS_DIGITALDOWN_TEST@40a4337a]" started-at="2022-11-21T15:36:49 IST" name="Teardown" finished-at="2022-11-21T15:36:50 IST" duration-ms="367" status="PASS">
          <reporter-output>
          </reporter-output>
        </test-method> <!-- Teardown -->
      </class> <!-- POM_TEST_CASES.DWS_DIGITALDOWN_TEST -->
      <class name="POM_TEST_CASES.DWS_ADD_CART_TEST">
        <test-method is-config="true" signature="browsersetup()[pri:0, instance:POM_TEST_CASES.DWS_ADD_CART_TEST@2d1ef81a]" started-at="2022-11-21T15:37:11 IST" name="browsersetup" finished-at="2022-11-21T15:37:18 IST" duration-ms="7427" status="PASS">
          <reporter-output>
          </reporter-output>
        </test-method> <!-- browsersetup -->
        <test-method signature="Tc14()[pri:0, instance:POM_TEST_CASES.DWS_ADD_CART_TEST@2d1ef81a]" started-at="2022-11-21T15:37:18 IST" name="Tc14" finished-at="2022-11-21T15:37:19 IST" duration-ms="141" status="PASS">
          <reporter-output>
          </reporter-output>
        </test-method> <!-- Tc14 -->
        <test-method is-config="true" signature="Teardown()[pri:0, instance:POM_TEST_CASES.DWS_ADD_CART_TEST@2d1ef81a]" started-at="2022-11-21T15:37:19 IST" name="Teardown" finished-at="2022-11-21T15:37:19 IST" duration-ms="670" status="PASS">
          <reporter-output>
          </reporter-output>
        </test-method> <!-- Teardown -->
      </class> <!-- POM_TEST_CASES.DWS_ADD_CART_TEST -->
      <class name="POM_TEST_CASES.DWS_ADVANCE_SEARCH_TEST">
        <test-method is-config="true" signature="browsersetup()[pri:0, instance:POM_TEST_CASES.DWS_ADVANCE_SEARCH_TEST@292b08d6]" started-at="2022-11-21T15:36:07 IST" name="browsersetup" finished-at="2022-11-21T15:36:15 IST" duration-ms="8667" status="PASS">
          <reporter-output>
          </reporter-output>
        </test-method> <!-- browsersetup -->
        <test-method signature="tc13(java.lang.String,java.lang.String,java.lang.String)[pri:0, instance:POM_TEST_CASES.DWS_ADVANCE_SEARCH_TEST@292b08d6]" started-at="2022-11-21T15:36:16 IST" name="tc13" data-provider="search1" finished-at="2022-11-21T15:36:19 IST" duration-ms="2192" status="PASS">
          <params>
            <param index="0">
              <value>
                <![CDATA[books]]>
              </value>
            </param>
            <param index="1">
              <value>
                <![CDATA[Computers >> Desktops]]>
              </value>
            </param>
            <param index="2">
              <value>
                <![CDATA[Tricentis]]>
              </value>
            </param>
          </params>
          <reporter-output>
          </reporter-output>
        </test-method> <!-- tc13 -->
        <test-method is-config="true" signature="Teardown()[pri:0, instance:POM_TEST_CASES.DWS_ADVANCE_SEARCH_TEST@292b08d6]" started-at="2022-11-21T15:36:19 IST" name="Teardown" finished-at="2022-11-21T15:36:19 IST" duration-ms="277" status="PASS">
          <reporter-output>
          </reporter-output>
        </test-method> <!-- Teardown -->
      </class> <!-- POM_TEST_CASES.DWS_ADVANCE_SEARCH_TEST -->
      <class name="POM_TEST_CASES.DWS_LOGIN_TEST">
        <test-method is-config="true" signature="browsersetup()[pri:0, instance:POM_TEST_CASES.DWS_LOGIN_TEST@327514f]" started-at="2022-11-21T15:37:27 IST" name="browsersetup" finished-at="2022-11-21T15:37:34 IST" duration-ms="6364" status="PASS">
          <reporter-output>
          </reporter-output>
        </test-method> <!-- browsersetup -->
        <test-method signature="TC01(java.lang.String,java.lang.String)[pri:0, instance:POM_TEST_CASES.DWS_LOGIN_TEST@327514f]" started-at="2022-11-21T15:37:34 IST" name="TC01" data-provider="login" finished-at="2022-11-21T15:37:36 IST" duration-ms="1581" status="PASS">
          <params>
            <param index="0">
              <value>
                <![CDATA[darshu666@gmail.com]]>
              </value>
            </param>
            <param index="1">
              <value>
                <![CDATA[Password]]>
              </value>
            </param>
          </params>
          <reporter-output>
          </reporter-output>
        </test-method> <!-- TC01 -->
        <test-method is-config="true" signature="Teardown()[pri:0, instance:POM_TEST_CASES.DWS_LOGIN_TEST@327514f]" started-at="2022-11-21T15:37:36 IST" name="Teardown" finished-at="2022-11-21T15:37:36 IST" duration-ms="140" status="PASS">
          <reporter-output>
          </reporter-output>
        </test-method> <!-- Teardown -->
      </class> <!-- POM_TEST_CASES.DWS_LOGIN_TEST -->
      <class name="POM_TEST_CASES.DWS_REGISTER_TEST">
        <test-method is-config="true" signature="browsersetup()[pri:0, instance:POM_TEST_CASES.DWS_REGISTER_TEST@22ff4249]" started-at="2022-11-21T15:37:01 IST" name="browsersetup" finished-at="2022-11-21T15:37:08 IST" duration-ms="7163" status="PASS">
          <reporter-output>
          </reporter-output>
        </test-method> <!-- browsersetup -->
        <test-method signature="TC02(java.lang.String,java.lang.String,java.lang.String,java.lang.String,java.lang.String)[pri:0, instance:POM_TEST_CASES.DWS_REGISTER_TEST@22ff4249]" started-at="2022-11-21T15:37:08 IST" name="TC02" data-provider="register" finished-at="2022-11-21T15:37:11 IST" duration-ms="2361" status="PASS">
          <params>
            <param index="0">
              <value>
                <![CDATA[Darshan]]>
              </value>
            </param>
            <param index="1">
              <value>
                <![CDATA[Gowda]]>
              </value>
            </param>
            <param index="2">
              <value>
                <![CDATA[darshu666@gmail.com]]>
              </value>
            </param>
            <param index="3">
              <value>
                <![CDATA[Password]]>
              </value>
            </param>
            <param index="4">
              <value>
                <![CDATA[Password]]>
              </value>
            </param>
          </params>
          <reporter-output>
          </reporter-output>
        </test-method> <!-- TC02 -->
        <test-method is-config="true" signature="Teardown()[pri:0, instance:POM_TEST_CASES.DWS_REGISTER_TEST@22ff4249]" started-at="2022-11-21T15:37:11 IST" name="Teardown" finished-at="2022-11-21T15:37:11 IST" duration-ms="302" status="PASS">
          <reporter-output>
          </reporter-output>
        </test-method> <!-- Teardown -->
      </class> <!-- POM_TEST_CASES.DWS_REGISTER_TEST -->
      <class name="POM_TEST_CASES.DWS_BOOKTEST">
        <test-method is-config="true" signature="browsersetup()[pri:0, instance:POM_TEST_CASES.DWS_BOOKTEST@6025e1b6]" started-at="2022-11-21T15:36:50 IST" name="browsersetup" finished-at="2022-11-21T15:36:58 IST" duration-ms="7868" status="PASS">
          <reporter-output>
          </reporter-output>
        </test-method> <!-- browsersetup -->
        <test-method signature="tc04()[pri:0, instance:POM_TEST_CASES.DWS_BOOKTEST@6025e1b6]" started-at="2022-11-21T15:36:58 IST" name="tc04" finished-at="2022-11-21T15:37:01 IST" duration-ms="3185" status="PASS">
          <reporter-output>
          </reporter-output>
        </test-method> <!-- tc04 -->
        <test-method is-config="true" signature="Teardown()[pri:0, instance:POM_TEST_CASES.DWS_BOOKTEST@6025e1b6]" started-at="2022-11-21T15:37:01 IST" name="Teardown" finished-at="2022-11-21T15:37:01 IST" duration-ms="213" status="PASS">
          <reporter-output>
          </reporter-output>
        </test-method> <!-- Teardown -->
      </class> <!-- POM_TEST_CASES.DWS_BOOKTEST -->
    </test> <!-- Test -->
  </suite> <!-- Suite -->
</testng-results>
